<?xml version="1.0" encoding="UTF-8"?>
<testng-results ignored="0" total="1" passed="1" failed="0" skipped="0">
  <reporter-output>
  </reporter-output>
  <suite started-at="2026-06-16T04:56:14 IST" name="Default suite" finished-at="2026-06-16T04:56:23 IST" duration-ms="8457">
    <groups>
    </groups>
    <test started-at="2026-06-16T04:56:14 IST" name="Default test" finished-at="2026-06-16T04:56:23 IST" duration-ms="8457">
      <class name="session21.JSONArrayPOJOClassDemo">
        <test-method signature="serilizationTest()[pri:0, instance:session21.JSONArrayPOJOClassDemo@2d7275fc]" started-at="2026-06-16T04:56:15 IST" name="serilizationTest" finished-at="2026-06-16T04:56:23 IST" duration-ms="8326" status="PASS">
          <reporter-output>
          </reporter-output>
        </test-method> <!-- serilizationTest -->
      </class> <!-- session21.JSONArrayPOJOClassDemo -->
    </test> <!-- Default test -->
  </suite> <!-- Default suite -->
</testng-results>
