<?xml version="1.0" encoding="UTF-8"?>
<!-- Generated by org.testng.reporters.JUnitReportReporter -->
<testsuite hostname="DESKTOP-4MTVCMP" failures="0" tests="1" name="RestAssuredAPITesting.RestAssuredAPITesting.CheckForResponseStatusCodeAndLine" time="4.678" errors="0" timestamp="2026-02-26T10:51:20 IST" skipped="0">
  <testcase classname="RestAssuredAPITesting.RestAssuredAPITesting.CheckForResponseStatusCodeAndLine" name="getSingleUser" time="4.678"/>
</testsuite> <!-- RestAssuredAPITesting.RestAssuredAPITesting.CheckForResponseStatusCodeAndLine -->
