<?xml version="1.0" encoding="UTF-8"?>
<!-- Generated by org.testng.reporters.JUnitReportReporter -->
<testsuite hostname="DESKTOP-4MTVCMP" failures="0" tests="1" name="RestAssuredAPITesting.RestAssuredAPITesting.BDDStylePostRequest" time="4.674" errors="0" timestamp="2026-02-21T12:08:30 IST" skipped="0">
  <testcase classname="RestAssuredAPITesting.RestAssuredAPITesting.BDDStylePostRequest" name="test03" time="4.674"/>
</testsuite> <!-- RestAssuredAPITesting.RestAssuredAPITesting.BDDStylePostRequest -->
