<?xml version="1.0" encoding="UTF-8"?>
<!-- Generated by org.testng.reporters.JUnitReportReporter -->
<testsuite hostname="DESKTOP-4MTVCMP" failures="0" tests="2" name="session18.FileUploadDemo" time="7.251" errors="0" timestamp="2026-04-24T11:06:57 IST" skipped="1">
  <testcase classname="session18.FileUploadDemo" name="uploadImage" time="7.251"/>
  <testcase classname="session18.FileUploadDemo" name="fileUploadTest">
    <skipped/>
  </testcase> <!-- fileUploadTest -->
</testsuite> <!-- session18.FileUploadDemo -->
