<?xml version="1.0" encoding="UTF-8"?>
<!-- Generated by org.testng.reporters.JUnitReportReporter -->
<testsuite hostname="DESKTOP-4MTVCMP" failures="0" tests="1" name="RestAssuredAPITesting.RestAssuredAPITesting.BDDStylePutRequest" time="5.641" errors="0" timestamp="2026-02-21T11:35:21 IST" skipped="0">
  <testcase classname="RestAssuredAPITesting.RestAssuredAPITesting.BDDStylePutRequest" name="test04" time="5.641"/>
</testsuite> <!-- RestAssuredAPITesting.RestAssuredAPITesting.BDDStylePutRequest -->
