<?xml version="1.0" encoding="UTF-8"?>
<!-- Generated by org.testng.reporters.JUnitReportReporter -->
<testsuite hostname="DESKTOP-4MTVCMP" failures="0" tests="1" name="RestAssuredAPITesting.RestAssuredAPITesting.BDDStyleDeleteRequest" time="5.110" errors="0" timestamp="2026-02-23T07:55:58 IST" skipped="0">
  <testcase classname="RestAssuredAPITesting.RestAssuredAPITesting.BDDStyleDeleteRequest" name="test06" time="5.110"/>
</testsuite> <!-- RestAssuredAPITesting.RestAssuredAPITesting.BDDStyleDeleteRequest -->
