<?xml version="1.0" encoding="UTF-8"?>
<!-- Generated by org.testng.reporters.JUnitReportReporter -->
<testsuite hostname="DESKTOP-4MTVCMP" failures="0" tests="1" name="RestAssuredAPITesting.RestAssuredAPITesting.BDDStyleGetRequest" time="4.959" errors="0" timestamp="2026-02-19T09:58:11 IST" skipped="0">
  <testcase classname="RestAssuredAPITesting.RestAssuredAPITesting.BDDStyleGetRequest" name="test02" time="4.959"/>
</testsuite> <!-- RestAssuredAPITesting.RestAssuredAPITesting.BDDStyleGetRequest -->
