<?xml version="1.0" encoding="UTF-8"?>
<!-- Generated by org.testng.reporters.JUnitReportReporter -->
<testsuite hostname="DESKTOP-4MTVCMP" failures="0" tests="1" name="RestAssuredAPITesting.RestAssuredAPITesting.BDDStylePatchRequest" time="6.902" errors="0" timestamp="2026-02-22T15:37:23 IST" skipped="0">
  <testcase classname="RestAssuredAPITesting.RestAssuredAPITesting.BDDStylePatchRequest" name="test04" time="6.902"/>
</testsuite> <!-- RestAssuredAPITesting.RestAssuredAPITesting.BDDStylePatchRequest -->
