<?xml version="1.0" encoding="UTF-8"?>
<!-- Generated by org.testng.reporters.JUnitReportReporter -->
<testsuite hostname="DESKTOP-4MTVCMP" failures="0" tests="2" name="session15.JSONObjectUsingJSONMapDemo" time="5.220" errors="0" timestamp="2026-04-17T10:00:47 IST" skipped="1">
  <testcase classname="session15.JSONObjectUsingJSONMapDemo" name="CreateUser" time="5.220"/>
  <testcase classname="session15.JSONObjectUsingJSONMapDemo" name="CreateAuthToken">
    <skipped/>
  </testcase> <!-- CreateAuthToken -->
</testsuite> <!-- session15.JSONObjectUsingJSONMapDemo -->
