<?xml version="1.0" encoding="UTF-8"?>
<!-- Generated by org.testng.reporters.JUnitReportReporter -->
<testsuite hostname="DESKTOP-4MTVCMP" failures="0" tests="1" name="RestAssuredAPITesting.RestAssuredAPITesting.BDDStyleGetRequest2" time="5.619" errors="0" timestamp="2026-02-19T10:01:52 IST" skipped="0">
  <testcase classname="RestAssuredAPITesting.RestAssuredAPITesting.BDDStyleGetRequest2" name="test02" time="5.619"/>
</testsuite> <!-- RestAssuredAPITesting.RestAssuredAPITesting.BDDStyleGetRequest2 -->
