<?xml version="1.0" encoding="UTF-8"?>
<!-- Generated by org.testng.reporters.JUnitReportReporter -->
<testsuite hostname="DESKTOP-4MTVCMP" failures="0" tests="1" name="RestAssuredAPITesting.RestAssuredAPITesting.FirstGetRequest" time="4.280" errors="0" timestamp="2026-02-19T08:06:49 IST" skipped="0">
  <testcase classname="RestAssuredAPITesting.RestAssuredAPITesting.FirstGetRequest" name="testCase01" time="4.280"/>
</testsuite> <!-- RestAssuredAPITesting.RestAssuredAPITesting.FirstGetRequest -->
