<?xml version="1.0" encoding="UTF-8"?>
<!-- Generated by org.testng.reporters.JUnitReportReporter -->
<testsuite hostname="DESKTOP-4MTVCMP" failures="0" tests="3" name="session19.OwnAPIServerTestingforCRUD" time="6.231" errors="0" timestamp="2026-06-04T09:00:30 IST" skipped="1">
  <testcase classname="session19.OwnAPIServerTestingforCRUD" name="updateUser" time="0.183"/>
  <testcase classname="session19.OwnAPIServerTestingforCRUD" name="readUserData" time="6.048"/>
  <testcase classname="session19.OwnAPIServerTestingforCRUD" name="CreateUser">
    <skipped/>
  </testcase> <!-- CreateUser -->
</testsuite> <!-- session19.OwnAPIServerTestingforCRUD -->
